<?xml version="1.0" encoding="UTF-8"?>
<!-- Generated by org.testng.reporters.JUnitReportReporter -->
<testsuite hostname="LAPTOP-F7D2E0IN" failures="0" tests="1" name="ashu94.Testng" time="0.027" errors="0" timestamp="2022-09-15T23:25:06 IST" skipped="0">
  <testcase classname="ashu94.Testng" name="test" time="0.027"/>
  <system-out/>
</testsuite> <!-- ashu94.Testng -->
