<?xml version="1.0" encoding="UTF-8"?>
<!-- Generated by org.testng.reporters.JUnitReportReporter -->
<testsuite hostname="LAPTOP-F7D2E0IN" failures="0" tests="4" name="maven.Alpha" time="0.011" errors="0" timestamp="2022-09-18T18:51:34 IST" skipped="0">
  <testcase classname="maven.Alpha" name="tclass2" time="0.003"/>
  <system-out/>
  <testcase classname="maven.Alpha" name="tclass" time="0.003"/>
  <system-out/>
  <testcase classname="maven.Alpha" name="tclass1" time="0.003"/>
  <system-out/>
  <testcase classname="maven.Alpha" name="tclass3" time="0.002"/>
  <system-out/>
</testsuite> <!-- maven.Alpha -->
