<?xml version="1.0" encoding="UTF-8"?>
<!-- Generated by org.testng.reporters.JUnitReportReporter -->
<testsuite hostname="LAPTOP-F7D2E0IN" failures="0" tests="4" name="maven.Demo" time="0.014" errors="0" timestamp="2022-09-18T18:51:34 IST" skipped="0">
  <testcase classname="maven.Demo" name="tclassD" time="0.002"/>
  <system-out/>
  <testcase classname="maven.Demo" name="tclassB" time="0.001"/>
  <system-out/>
  <testcase classname="maven.Demo" name="tclassA" time="0.009"/>
  <system-out/>
  <testcase classname="maven.Demo" name="tclassC" time="0.002"/>
  <system-out/>
</testsuite> <!-- maven.Demo -->
