<?xml version="1.0" encoding="UTF-8"?>
<!-- Generated by org.testng.reporters.JUnitReportReporter -->
<testsuite hostname="LAPTOP-F7D2E0IN" failures="0" tests="1" name="maven.test$Testng" time="0.008" errors="0" timestamp="2022-09-11T18:14:28 IST" skipped="0">
  <testcase classname="maven.test$Testng" name="test" time="0.008"/>
  <system-out/>
</testsuite> <!-- maven.test$Testng -->
