<?xml version="1.0" encoding="UTF-8"?>
<!-- Generated by org.testng.reporters.JUnitReportReporter -->
<testsuite hostname="LAPTOP-BATHA0A4" failures="0" tests="3" name="linktest.TestNG" time="53.624" errors="0" timestamp="2022-09-28T06:35:49 IST" skipped="0">
  <testcase classname="linktest.TestNG" name="MyNetwork1" time="21.557"/>
  <system-out/>
  <testcase classname="linktest.TestNG" name="MyNetwork2" time="14.034"/>
  <system-out/>
  <testcase classname="linktest.TestNG" name="myNetwork" time="18.033"/>
  <system-out/>
</testsuite> <!-- linktest.TestNG -->
