<?xml version="1.0" encoding="UTF-8"?>
<!-- Generated by org.testng.reporters.JUnitReportReporter -->
<testsuite hostname="LAPTOP-BATHA0A4" failures="0" tests="3" name="linktest.Test2" time="48.996" errors="0" timestamp="2022-09-28T06:35:49 IST" skipped="0">
  <testcase classname="linktest.Test2" name="MyNetwork2" time="13.240"/>
  <system-out/>
  <testcase classname="linktest.Test2" name="myNetwork" time="17.034"/>
  <system-out/>
  <testcase classname="linktest.Test2" name="MyNetwork1" time="18.722"/>
  <system-out/>
</testsuite> <!-- linktest.Test2 -->
